<?xml version="1.0" encoding="UTF-8"?>
<testsuite xmlns:xsi="http://www.w3.org/2001/XMLSchema-instance" xsi:noNamespaceSchemaLocation="https://maven.apache.org/surefire/maven-surefire-plugin/xsd/surefire-test-report-3.0.xsd" version="3.0" name="com.Cardapio.CardapioApplicationTests" time="4.054" tests="1" errors="0" skipped="0" failures="0">
  <properties>
[...]
</properties>
  <testcase name="contextLoads" classname="com.Cardapio.CardapioApplicationTests" time="1.743">
    <system-out><![CDATA[15:42:43.267 [main] INFO org.springframework.test.context.support.AnnotationConfigContextLoaderUtils -- Could not detect default configuration classes for test class [com.Cardapio.CardapioApplicationTests]: CardapioApplicationTests does not declare any static, non-private, non-final, nested classes annotated with @Configuration.
15:42:43.400 [main] INFO org.springframework.boot.test.context.SpringBootTestContextBootstrapper -- Found @SpringBootConfiguration com.Cardapio.CardapioApplication for test class com.Cardapio.CardapioApplicationTests
15:42:43.632 [main] INFO org.springframework.boot.devtools.restart.RestartApplicationListener -- Restart disabled due to context in which it is running

  .   ____          _            __ _ _
 /\\ / ___'_ __ _ _(_)_ __  __ _ \ \ \ \
( ( )\___ | '_ | '_| | '_ \/ _` | \ \ \ \
 \\/  ___)| |_)| | | | | || (_| |  ) ) ) )
  '  |____| .__|_| |_|_| |_\__, | / / / /
 =========|_|==============|___/=/_/_/_/

 :: Spring Boot ::                (v3.3.2)

2024-07-24T15:42:44.050-03:00  INFO 17756 --- [Cardapio] [           main] com.Cardapio.CardapioApplicationTests    : Starting CardapioApplicationTests using Java 22.0.2 with PID 17756 (started by USER in C:\Program Files\Cardapio)
2024-07-24T15:42:44.052-03:00  INFO 17756 --- [Cardapio] [           main] com.Cardapio.CardapioApplicationTests    : No active profile set, falling back to 1 default profile: "default"
2024-07-24T15:42:45.355-03:00  INFO 17756 --- [Cardapio] [           main] com.Cardapio.CardapioApplicationTests    : Started CardapioApplicationTests in 1.742 seconds (process running for 3.001)
]]></system-out>
    <system-err><![CDATA[WARNING: A Java agent has been loaded dynamically (C:\Users\USER\.m2\repository\net\bytebuddy\byte-buddy-agent\1.14.18\byte-buddy-agent-1.14.18.jar)
WARNING: If a serviceability tool is in use, please run with -XX:+EnableDynamicAgentLoading to hide this warning
WARNING: If a serviceability tool is not in use, please run with -Djdk.instrument.traceUsage for more information
WARNING: Dynamic loading of agents will be disallowed by default in a future release
]]></system-err>
  </testcase>
</testsuite>